<?xml version="1.0" encoding="UTF-8"?>
<testsuite xmlns:xsi="http://www.w3.org/2001/XMLSchema-instance" xsi:noNamespaceSchemaLocation="https://maven.apache.org/surefire/maven-surefire-plugin/xsd/surefire-test-report-3.0.xsd" version="3.0" name="runners.TestRunner" time="147.975" tests="12" errors="0" skipped="0" failures="5">
  <properties>
    <property name="cucumber.publish.quiet" value="true"/>
    <property name="java.specification.version" value="21"/>
    <property name="sun.jnu.encoding" value="UTF-8"/>
    <property name="java.class.path" value="/Behaviour-Driven-UI-Test/target/test-classes:/Behaviour-Driven-UI-Test/target/classes:/root/.m2/repository/org/seleniumhq/selenium/selenium-java/4.25.0/selenium-java-4.25.0.jar:/root/.m2/repository/org/seleniumhq/selenium/selenium-api/4.25.0/selenium-api-4.25.0.jar:/root/.m2/repository/org/jspecify/jspecify/1.0.0/jspecify-1.0.0.jar:/root/.m2/repository/org/seleniumhq/selenium/selenium-chrome-driver/4.25.0/selenium-chrome-driver-4.25.0.jar:/root/.m2/repository/com/google/auto/service/auto-service-annotations/1.1.1/auto-service-annotations-1.1.1.jar:/root/.m2/repository/org/seleniumhq/selenium/selenium-chromium-driver/4.25.0/selenium-chromium-driver-4.25.0.jar:/root/.m2/repository/org/seleniumhq/selenium/selenium-json/4.25.0/selenium-json-4.25.0.jar:/root/.m2/repository/org/seleniumhq/selenium/selenium-manager/4.25.0/selenium-manager-4.25.0.jar:/root/.m2/repository/org/seleniumhq/selenium/selenium-devtools-v127/4.25.0/selenium-devtools-v127-4.25.0.jar:/root/.m2/repository/org/seleniumhq/selenium/selenium-devtools-v128/4.25.0/selenium-devtools-v128-4.25.0.jar:/root/.m2/repository/org/seleniumhq/selenium/selenium-devtools-v129/4.25.0/selenium-devtools-v129-4.25.0.jar:/root/.m2/repository/org/seleniumhq/selenium/selenium-devtools-v85/4.25.0/selenium-devtools-v85-4.25.0.jar:/root/.m2/repository/org/seleniumhq/selenium/selenium-edge-driver/4.25.0/selenium-edge-driver-4.25.0.jar:/root/.m2/repository/org/seleniumhq/selenium/selenium-firefox-driver/4.25.0/selenium-firefox-driver-4.25.0.jar:/root/.m2/repository/org/seleniumhq/selenium/selenium-http/4.25.0/selenium-http-4.25.0.jar:/root/.m2/repository/dev/failsafe/failsafe/3.3.2/failsafe-3.3.2.jar:/root/.m2/repository/org/seleniumhq/selenium/selenium-ie-driver/4.25.0/selenium-ie-driver-4.25.0.jar:/root/.m2/repository/org/seleniumhq/selenium/selenium-remote-driver/4.25.0/selenium-remote-driver-4.25.0.jar:/root/.m2/repository/com/google/guava/guava/33.3.0-jre/guava-33.3.0-jre.jar:/root/.m2/repository/com/google/guava/failureaccess/1.0.2/failureaccess-1.0.2.jar:/root/.m2/repository/com/google/guava/listenablefuture/9999.0-empty-to-avoid-conflict-with-guava/listenablefuture-9999.0-empty-to-avoid-conflict-with-guava.jar:/root/.m2/repository/com/google/code/findbugs/jsr305/3.0.2/jsr305-3.0.2.jar:/root/.m2/repository/org/checkerframework/checker-qual/3.43.0/checker-qual-3.43.0.jar:/root/.m2/repository/com/google/errorprone/error_prone_annotations/2.28.0/error_prone_annotations-2.28.0.jar:/root/.m2/repository/com/google/j2objc/j2objc-annotations/3.0.0/j2objc-annotations-3.0.0.jar:/root/.m2/repository/io/opentelemetry/semconv/opentelemetry-semconv/1.25.0-alpha/opentelemetry-semconv-1.25.0-alpha.jar:/root/.m2/repository/io/opentelemetry/opentelemetry-api/1.42.1/opentelemetry-api-1.42.1.jar:/root/.m2/repository/io/opentelemetry/opentelemetry-context/1.42.1/opentelemetry-context-1.42.1.jar:/root/.m2/repository/io/opentelemetry/opentelemetry-exporter-logging/1.42.1/opentelemetry-exporter-logging-1.42.1.jar:/root/.m2/repository/io/opentelemetry/opentelemetry-sdk-common/1.42.1/opentelemetry-sdk-common-1.42.1.jar:/root/.m2/repository/io/opentelemetry/opentelemetry-sdk-extension-autoconfigure-spi/1.42.1/opentelemetry-sdk-extension-autoconfigure-spi-1.42.1.jar:/root/.m2/repository/io/opentelemetry/opentelemetry-sdk-extension-autoconfigure/1.42.1/opentelemetry-sdk-extension-autoconfigure-1.42.1.jar:/root/.m2/repository/io/opentelemetry/opentelemetry-api-incubator/1.42.1-alpha/opentelemetry-api-incubator-1.42.1-alpha.jar:/root/.m2/repository/io/opentelemetry/opentelemetry-sdk-trace/1.42.1/opentelemetry-sdk-trace-1.42.1.jar:/root/.m2/repository/io/opentelemetry/opentelemetry-sdk/1.42.1/opentelemetry-sdk-1.42.1.jar:/root/.m2/repository/io/opentelemetry/opentelemetry-sdk-metrics/1.42.1/opentelemetry-sdk-metrics-1.42.1.jar:/root/.m2/repository/io/opentelemetry/opentelemetry-sdk-logs/1.42.1/opentelemetry-sdk-logs-1.42.1.jar:/root/.m2/repository/net/bytebuddy/byte-buddy/1.15.1/byte-buddy-1.15.1.jar:/root/.m2/repository/org/seleniumhq/selenium/selenium-os/4.25.0/selenium-os-4.25.0.jar:/root/.m2/repository/org/apache/commons/commons-exec/1.4.0/commons-exec-1.4.0.jar:/root/.m2/repository/org/seleniumhq/selenium/selenium-safari-driver/4.25.0/selenium-safari-driver-4.25.0.jar:/root/.m2/repository/org/seleniumhq/selenium/selenium-support/4.25.0/selenium-support-4.25.0.jar:/root/.m2/repository/net/masterthought/cucumber-reporting/5.10.1/cucumber-reporting-5.10.1.jar:/root/.m2/repository/com/fasterxml/jackson/core/jackson-databind/2.18.3/jackson-databind-2.18.3.jar:/root/.m2/repository/com/fasterxml/jackson/core/jackson-annotations/2.18.3/jackson-annotations-2.18.3.jar:/root/.m2/repository/com/fasterxml/jackson/core/jackson-core/2.18.3/jackson-core-2.18.3.jar:/root/.m2/repository/com/fasterxml/jackson/datatype/jackson-datatype-jsr310/2.18.3/jackson-datatype-jsr310-2.18.3.jar:/root/.m2/repository/org/apache/velocity/velocity-engine-core/2.4.1/velocity-engine-core-2.4.1.jar:/root/.m2/repository/joda-time/joda-time/2.13.1/joda-time-2.13.1.jar:/root/.m2/repository/org/apache/commons/commons-configuration2/2.12.0/commons-configuration2-2.12.0.jar:/root/.m2/repository/org/apache/commons/commons-lang3/3.18.0/commons-lang3-3.18.0.jar:/root/.m2/repository/commons-io/commons-io/2.20.0/commons-io-2.20.0.jar:/root/.m2/repository/org/apache/commons/commons-text/1.14.0/commons-text-1.14.0.jar:/root/.m2/repository/org/jsoup/jsoup/1.20.1/jsoup-1.20.1.jar:/root/.m2/repository/com/googlecode/owasp-java-html-sanitizer/owasp-java-html-sanitizer/20240325.1/owasp-java-html-sanitizer-20240325.1.jar:/root/.m2/repository/com/googlecode/owasp-java-html-sanitizer/java8-shim/20240325.1/java8-shim-20240325.1.jar:/root/.m2/repository/com/googlecode/owasp-java-html-sanitizer/java10-shim/20240325.1/java10-shim-20240325.1.jar:/root/.m2/repository/org/slf4j/slf4j-api/2.0.17/slf4j-api-2.0.17.jar:/root/.m2/repository/org/slf4j/jcl-over-slf4j/2.0.17/jcl-over-slf4j-2.0.17.jar:/root/.m2/repository/io/github/bonigarcia/webdrivermanager/5.6.3/webdrivermanager-5.6.3.jar:/root/.m2/repository/com/google/code/gson/gson/2.10.1/gson-2.10.1.jar:/root/.m2/repository/com/github/docker-java/docker-java/3.3.4/docker-java-3.3.4.jar:/root/.m2/repository/com/github/docker-java/docker-java-core/3.3.4/docker-java-core-3.3.4.jar:/root/.m2/repository/com/github/docker-java/docker-java-api/3.3.4/docker-java-api-3.3.4.jar:/root/.m2/repository/org/bouncycastle/bcpkix-jdk18on/1.76/bcpkix-jdk18on-1.76.jar:/root/.m2/repository/org/bouncycastle/bcprov-jdk18on/1.76/bcprov-jdk18on-1.76.jar:/root/.m2/repository/org/bouncycastle/bcutil-jdk18on/1.76/bcutil-jdk18on-1.76.jar:/root/.m2/repository/com/github/docker-java/docker-java-transport-httpclient5/3.3.4/docker-java-transport-httpclient5-3.3.4.jar:/root/.m2/repository/com/github/docker-java/docker-java-transport/3.3.4/docker-java-transport-3.3.4.jar:/root/.m2/repository/net/java/dev/jna/jna/5.13.0/jna-5.13.0.jar:/root/.m2/repository/org/brotli/dec/0.1.2/dec-0.1.2.jar:/root/.m2/repository/org/apache/commons/commons-compress/1.25.0/commons-compress-1.25.0.jar:/root/.m2/repository/org/apache/httpcomponents/client5/httpclient5/5.2.1/httpclient5-5.2.1.jar:/root/.m2/repository/org/apache/httpcomponents/core5/httpcore5/5.2/httpcore5-5.2.jar:/root/.m2/repository/org/apache/httpcomponents/core5/httpcore5-h2/5.2/httpcore5-h2-5.2.jar:/root/.m2/repository/io/cucumber/cucumber-java/7.18.1/cucumber-java-7.18.1.jar:/root/.m2/repository/io/cucumber/cucumber-core/7.18.1/cucumber-core-7.18.1.jar:/root/.m2/repository/io/cucumber/cucumber-gherkin/7.18.1/cucumber-gherkin-7.18.1.jar:/root/.m2/repository/io/cucumber/cucumber-gherkin-messages/7.18.1/cucumber-gherkin-messages-7.18.1.jar:/root/.m2/repository/io/cucumber/gherkin/28.0.0/gherkin-28.0.0.jar:/root/.m2/repository/io/cucumber/messages/24.1.0/messages-24.1.0.jar:/root/.m2/repository/io/cucumber/testng-xml-formatter/0.2.0/testng-xml-formatter-0.2.0.jar:/root/.m2/repository/io/cucumber/query/12.2.0/query-12.2.0.jar:/root/.m2/repository/io/cucumber/tag-expressions/6.1.0/tag-expressions-6.1.0.jar:/root/.m2/repository/io/cucumber/cucumber-expressions/17.1.0/cucumber-expressions-17.1.0.jar:/root/.m2/repository/io/cucumber/datatable/7.18.1/datatable-7.18.1.jar:/root/.m2/repository/io/cucumber/cucumber-plugin/7.18.1/cucumber-plugin-7.18.1.jar:/root/.m2/repository/io/cucumber/docstring/7.18.1/docstring-7.18.1.jar:/root/.m2/repository/io/cucumber/html-formatter/21.4.1/html-formatter-21.4.1.jar:/root/.m2/repository/io/cucumber/junit-xml-formatter/0.5.0/junit-xml-formatter-0.5.0.jar:/root/.m2/repository/io/cucumber/ci-environment/10.0.1/ci-environment-10.0.1.jar:/root/.m2/repository/org/apiguardian/apiguardian-api/1.1.2/apiguardian-api-1.1.2.jar:/root/.m2/repository/io/cucumber/cucumber-junit/7.18.1/cucumber-junit-7.18.1.jar:/root/.m2/repository/io/cucumber/cucumber-picocontainer/7.18.1/cucumber-picocontainer-7.18.1.jar:/root/.m2/repository/org/picocontainer/picocontainer/2.15/picocontainer-2.15.jar:/root/.m2/repository/junit/junit/4.13.2/junit-4.13.2.jar:/root/.m2/repository/org/hamcrest/hamcrest-core/1.3/hamcrest-core-1.3.jar:"/>
    <property name="java.vm.vendor" value="Oracle Corporation"/>
    <property name="sun.arch.data.model" value="64"/>
    <property name="java.vendor.url" value="https://java.oracle.com/"/>
    <property name="os.name" value="Linux"/>
    <property name="java.vm.specification.version" value="21"/>
    <property name="sun.java.launcher" value="SUN_STANDARD"/>
    <property name="sun.boot.library.path" value="/usr/local/openjdk-21/lib"/>
    <property name="sun.java.command" value="/Behaviour-Driven-UI-Test/target/surefire/surefirebooter-20250830044049920_3.jar /Behaviour-Driven-UI-Test/target/surefire 2025-08-30T04-40-49_114-jvmRun1 surefire-20250830044049920_1tmp surefire_0-20250830044049920_2tmp"/>
    <property name="jdk.debug" value="release"/>
    <property name="surefire.test.class.path" value="/Behaviour-Driven-UI-Test/target/test-classes:/Behaviour-Driven-UI-Test/target/classes:/root/.m2/repository/org/seleniumhq/selenium/selenium-java/4.25.0/selenium-java-4.25.0.jar:/root/.m2/repository/org/seleniumhq/selenium/selenium-api/4.25.0/selenium-api-4.25.0.jar:/root/.m2/repository/org/jspecify/jspecify/1.0.0/jspecify-1.0.0.jar:/root/.m2/repository/org/seleniumhq/selenium/selenium-chrome-driver/4.25.0/selenium-chrome-driver-4.25.0.jar:/root/.m2/repository/com/google/auto/service/auto-service-annotations/1.1.1/auto-service-annotations-1.1.1.jar:/root/.m2/repository/org/seleniumhq/selenium/selenium-chromium-driver/4.25.0/selenium-chromium-driver-4.25.0.jar:/root/.m2/repository/org/seleniumhq/selenium/selenium-json/4.25.0/selenium-json-4.25.0.jar:/root/.m2/repository/org/seleniumhq/selenium/selenium-manager/4.25.0/selenium-manager-4.25.0.jar:/root/.m2/repository/org/seleniumhq/selenium/selenium-devtools-v127/4.25.0/selenium-devtools-v127-4.25.0.jar:/root/.m2/repository/org/seleniumhq/selenium/selenium-devtools-v128/4.25.0/selenium-devtools-v128-4.25.0.jar:/root/.m2/repository/org/seleniumhq/selenium/selenium-devtools-v129/4.25.0/selenium-devtools-v129-4.25.0.jar:/root/.m2/repository/org/seleniumhq/selenium/selenium-devtools-v85/4.25.0/selenium-devtools-v85-4.25.0.jar:/root/.m2/repository/org/seleniumhq/selenium/selenium-edge-driver/4.25.0/selenium-edge-driver-4.25.0.jar:/root/.m2/repository/org/seleniumhq/selenium/selenium-firefox-driver/4.25.0/selenium-firefox-driver-4.25.0.jar:/root/.m2/repository/org/seleniumhq/selenium/selenium-http/4.25.0/selenium-http-4.25.0.jar:/root/.m2/repository/dev/failsafe/failsafe/3.3.2/failsafe-3.3.2.jar:/root/.m2/repository/org/seleniumhq/selenium/selenium-ie-driver/4.25.0/selenium-ie-driver-4.25.0.jar:/root/.m2/repository/org/seleniumhq/selenium/selenium-remote-driver/4.25.0/selenium-remote-driver-4.25.0.jar:/root/.m2/repository/com/google/guava/guava/33.3.0-jre/guava-33.3.0-jre.jar:/root/.m2/repository/com/google/guava/failureaccess/1.0.2/failureaccess-1.0.2.jar:/root/.m2/repository/com/google/guava/listenablefuture/9999.0-empty-to-avoid-conflict-with-guava/listenablefuture-9999.0-empty-to-avoid-conflict-with-guava.jar:/root/.m2/repository/com/google/code/findbugs/jsr305/3.0.2/jsr305-3.0.2.jar:/root/.m2/repository/org/checkerframework/checker-qual/3.43.0/checker-qual-3.43.0.jar:/root/.m2/repository/com/google/errorprone/error_prone_annotations/2.28.0/error_prone_annotations-2.28.0.jar:/root/.m2/repository/com/google/j2objc/j2objc-annotations/3.0.0/j2objc-annotations-3.0.0.jar:/root/.m2/repository/io/opentelemetry/semconv/opentelemetry-semconv/1.25.0-alpha/opentelemetry-semconv-1.25.0-alpha.jar:/root/.m2/repository/io/opentelemetry/opentelemetry-api/1.42.1/opentelemetry-api-1.42.1.jar:/root/.m2/repository/io/opentelemetry/opentelemetry-context/1.42.1/opentelemetry-context-1.42.1.jar:/root/.m2/repository/io/opentelemetry/opentelemetry-exporter-logging/1.42.1/opentelemetry-exporter-logging-1.42.1.jar:/root/.m2/repository/io/opentelemetry/opentelemetry-sdk-common/1.42.1/opentelemetry-sdk-common-1.42.1.jar:/root/.m2/repository/io/opentelemetry/opentelemetry-sdk-extension-autoconfigure-spi/1.42.1/opentelemetry-sdk-extension-autoconfigure-spi-1.42.1.jar:/root/.m2/repository/io/opentelemetry/opentelemetry-sdk-extension-autoconfigure/1.42.1/opentelemetry-sdk-extension-autoconfigure-1.42.1.jar:/root/.m2/repository/io/opentelemetry/opentelemetry-api-incubator/1.42.1-alpha/opentelemetry-api-incubator-1.42.1-alpha.jar:/root/.m2/repository/io/opentelemetry/opentelemetry-sdk-trace/1.42.1/opentelemetry-sdk-trace-1.42.1.jar:/root/.m2/repository/io/opentelemetry/opentelemetry-sdk/1.42.1/opentelemetry-sdk-1.42.1.jar:/root/.m2/repository/io/opentelemetry/opentelemetry-sdk-metrics/1.42.1/opentelemetry-sdk-metrics-1.42.1.jar:/root/.m2/repository/io/opentelemetry/opentelemetry-sdk-logs/1.42.1/opentelemetry-sdk-logs-1.42.1.jar:/root/.m2/repository/net/bytebuddy/byte-buddy/1.15.1/byte-buddy-1.15.1.jar:/root/.m2/repository/org/seleniumhq/selenium/selenium-os/4.25.0/selenium-os-4.25.0.jar:/root/.m2/repository/org/apache/commons/commons-exec/1.4.0/commons-exec-1.4.0.jar:/root/.m2/repository/org/seleniumhq/selenium/selenium-safari-driver/4.25.0/selenium-safari-driver-4.25.0.jar:/root/.m2/repository/org/seleniumhq/selenium/selenium-support/4.25.0/selenium-support-4.25.0.jar:/root/.m2/repository/net/masterthought/cucumber-reporting/5.10.1/cucumber-reporting-5.10.1.jar:/root/.m2/repository/com/fasterxml/jackson/core/jackson-databind/2.18.3/jackson-databind-2.18.3.jar:/root/.m2/repository/com/fasterxml/jackson/core/jackson-annotations/2.18.3/jackson-annotations-2.18.3.jar:/root/.m2/repository/com/fasterxml/jackson/core/jackson-core/2.18.3/jackson-core-2.18.3.jar:/root/.m2/repository/com/fasterxml/jackson/datatype/jackson-datatype-jsr310/2.18.3/jackson-datatype-jsr310-2.18.3.jar:/root/.m2/repository/org/apache/velocity/velocity-engine-core/2.4.1/velocity-engine-core-2.4.1.jar:/root/.m2/repository/joda-time/joda-time/2.13.1/joda-time-2.13.1.jar:/root/.m2/repository/org/apache/commons/commons-configuration2/2.12.0/commons-configuration2-2.12.0.jar:/root/.m2/repository/org/apache/commons/commons-lang3/3.18.0/commons-lang3-3.18.0.jar:/root/.m2/repository/commons-io/commons-io/2.20.0/commons-io-2.20.0.jar:/root/.m2/repository/org/apache/commons/commons-text/1.14.0/commons-text-1.14.0.jar:/root/.m2/repository/org/jsoup/jsoup/1.20.1/jsoup-1.20.1.jar:/root/.m2/repository/com/googlecode/owasp-java-html-sanitizer/owasp-java-html-sanitizer/20240325.1/owasp-java-html-sanitizer-20240325.1.jar:/root/.m2/repository/com/googlecode/owasp-java-html-sanitizer/java8-shim/20240325.1/java8-shim-20240325.1.jar:/root/.m2/repository/com/googlecode/owasp-java-html-sanitizer/java10-shim/20240325.1/java10-shim-20240325.1.jar:/root/.m2/repository/org/slf4j/slf4j-api/2.0.17/slf4j-api-2.0.17.jar:/root/.m2/repository/org/slf4j/jcl-over-slf4j/2.0.17/jcl-over-slf4j-2.0.17.jar:/root/.m2/repository/io/github/bonigarcia/webdrivermanager/5.6.3/webdrivermanager-5.6.3.jar:/root/.m2/repository/com/google/code/gson/gson/2.10.1/gson-2.10.1.jar:/root/.m2/repository/com/github/docker-java/docker-java/3.3.4/docker-java-3.3.4.jar:/root/.m2/repository/com/github/docker-java/docker-java-core/3.3.4/docker-java-core-3.3.4.jar:/root/.m2/repository/com/github/docker-java/docker-java-api/3.3.4/docker-java-api-3.3.4.jar:/root/.m2/repository/org/bouncycastle/bcpkix-jdk18on/1.76/bcpkix-jdk18on-1.76.jar:/root/.m2/repository/org/bouncycastle/bcprov-jdk18on/1.76/bcprov-jdk18on-1.76.jar:/root/.m2/repository/org/bouncycastle/bcutil-jdk18on/1.76/bcutil-jdk18on-1.76.jar:/root/.m2/repository/com/github/docker-java/docker-java-transport-httpclient5/3.3.4/docker-java-transport-httpclient5-3.3.4.jar:/root/.m2/repository/com/github/docker-java/docker-java-transport/3.3.4/docker-java-transport-3.3.4.jar:/root/.m2/repository/net/java/dev/jna/jna/5.13.0/jna-5.13.0.jar:/root/.m2/repository/org/brotli/dec/0.1.2/dec-0.1.2.jar:/root/.m2/repository/org/apache/commons/commons-compress/1.25.0/commons-compress-1.25.0.jar:/root/.m2/repository/org/apache/httpcomponents/client5/httpclient5/5.2.1/httpclient5-5.2.1.jar:/root/.m2/repository/org/apache/httpcomponents/core5/httpcore5/5.2/httpcore5-5.2.jar:/root/.m2/repository/org/apache/httpcomponents/core5/httpcore5-h2/5.2/httpcore5-h2-5.2.jar:/root/.m2/repository/io/cucumber/cucumber-java/7.18.1/cucumber-java-7.18.1.jar:/root/.m2/repository/io/cucumber/cucumber-core/7.18.1/cucumber-core-7.18.1.jar:/root/.m2/repository/io/cucumber/cucumber-gherkin/7.18.1/cucumber-gherkin-7.18.1.jar:/root/.m2/repository/io/cucumber/cucumber-gherkin-messages/7.18.1/cucumber-gherkin-messages-7.18.1.jar:/root/.m2/repository/io/cucumber/gherkin/28.0.0/gherkin-28.0.0.jar:/root/.m2/repository/io/cucumber/messages/24.1.0/messages-24.1.0.jar:/root/.m2/repository/io/cucumber/testng-xml-formatter/0.2.0/testng-xml-formatter-0.2.0.jar:/root/.m2/repository/io/cucumber/query/12.2.0/query-12.2.0.jar:/root/.m2/repository/io/cucumber/tag-expressions/6.1.0/tag-expressions-6.1.0.jar:/root/.m2/repository/io/cucumber/cucumber-expressions/17.1.0/cucumber-expressions-17.1.0.jar:/root/.m2/repository/io/cucumber/datatable/7.18.1/datatable-7.18.1.jar:/root/.m2/repository/io/cucumber/cucumber-plugin/7.18.1/cucumber-plugin-7.18.1.jar:/root/.m2/repository/io/cucumber/docstring/7.18.1/docstring-7.18.1.jar:/root/.m2/repository/io/cucumber/html-formatter/21.4.1/html-formatter-21.4.1.jar:/root/.m2/repository/io/cucumber/junit-xml-formatter/0.5.0/junit-xml-formatter-0.5.0.jar:/root/.m2/repository/io/cucumber/ci-environment/10.0.1/ci-environment-10.0.1.jar:/root/.m2/repository/org/apiguardian/apiguardian-api/1.1.2/apiguardian-api-1.1.2.jar:/root/.m2/repository/io/cucumber/cucumber-junit/7.18.1/cucumber-junit-7.18.1.jar:/root/.m2/repository/io/cucumber/cucumber-picocontainer/7.18.1/cucumber-picocontainer-7.18.1.jar:/root/.m2/repository/org/picocontainer/picocontainer/2.15/picocontainer-2.15.jar:/root/.m2/repository/junit/junit/4.13.2/junit-4.13.2.jar:/root/.m2/repository/org/hamcrest/hamcrest-core/1.3/hamcrest-core-1.3.jar:"/>
    <property name="sun.cpu.endian" value="little"/>
    <property name="user.home" value="/root"/>
    <property name="user.language" value="en"/>
    <property name="java.specification.vendor" value="Oracle Corporation"/>
    <property name="java.version.date" value="2023-09-19"/>
    <property name="java.home" value="/usr/local/openjdk-21"/>
    <property name="file.separator" value="/"/>
    <property name="basedir" value="/Behaviour-Driven-UI-Test"/>
    <property name="java.vm.compressedOopsMode" value="32-bit"/>
    <property name="line.separator" value="&#10;"/>
    <property name="java.vm.specification.vendor" value="Oracle Corporation"/>
    <property name="java.specification.name" value="Java Platform API Specification"/>
    <property name="surefire.real.class.path" value="/Behaviour-Driven-UI-Test/target/surefire/surefirebooter-20250830044049920_3.jar"/>
    <property name="sun.management.compiler" value="HotSpot 64-Bit Tiered Compilers"/>
    <property name="java.runtime.version" value="21+35-2513"/>
    <property name="user.name" value="root"/>
    <property name="stdout.encoding" value="UTF-8"/>
    <property name="path.separator" value=":"/>
    <property name="os.version" value="5.15.167.4-microsoft-standard-WSL2"/>
    <property name="java.runtime.name" value="OpenJDK Runtime Environment"/>
    <property name="file.encoding" value="UTF-8"/>
    <property name="browser" value="headless-chrome"/>
    <property name="java.vm.name" value="OpenJDK 64-Bit Server VM"/>
    <property name="localRepository" value="/root/.m2/repository"/>
    <property name="java.vendor.url.bug" value="https://bugreport.java.com/bugreport/"/>
    <property name="java.io.tmpdir" value="/tmp"/>
    <property name="java.version" value="21"/>
    <property name="user.dir" value="/Behaviour-Driven-UI-Test"/>
    <property name="os.arch" value="amd64"/>
    <property name="java.vm.specification.name" value="Java Virtual Machine Specification"/>
    <property name="native.encoding" value="UTF-8"/>
    <property name="java.library.path" value="/usr/java/packages/lib:/usr/lib64:/lib64:/lib:/usr/lib"/>
    <property name="stderr.encoding" value="UTF-8"/>
    <property name="java.vm.info" value="mixed mode, sharing"/>
    <property name="java.vendor" value="Oracle Corporation"/>
    <property name="java.vm.version" value="21+35-2513"/>
    <property name="sun.io.unicode.encoding" value="UnicodeLittle"/>
    <property name="java.class.version" value="65.0"/>
  </properties>
  <testcase name="User can remove items from cart #1" classname="Swag Labs Cart Test Flow" time="33.626">
    <system-out><![CDATA[
@swag_labs @cart_operations
Scenario Outline: User can remove items from cart                         # src/test/resources/features/swag_labs_cart.feature:22
Starting test: User can remove items from cart
Browser: headless-chrome
  Given I am on the Swag Labs login page                                  # steps.LoginSteps.i_am_on_the_swag_labs_login_page()
  Given I login with username "standard_user" and password "secret_sauce" # steps.LoginSteps.i_login_as_given_step(java.lang.String,java.lang.String)
  And I am on the products page                                           # steps.ProductSteps.i_am_on_the_products_page()
  When I add "Sauce Labs Backpack" to cart                                # steps.ProductSteps.i_add_product_to_cart(java.lang.String)
  And I click on the shopping cart                                        # steps.CartSteps.i_click_on_the_shopping_cart()
  Then I should see "Sauce Labs Backpack" in the cart                     # steps.CartSteps.i_should_see_item_in_the_cart(java.lang.String)
  When I remove "Sauce Labs Backpack" from cart                           # steps.CartSteps.i_remove_item_from_cart(java.lang.String)
  Then the cart should be empty                                           # steps.CartSteps.the_cart_should_be_empty()
  And the cart badge should not be visible                                # steps.ProductSteps.the_cart_badge_should_not_be_visible()
Test completed: User can remove items from cart
Status: PASSED
]]></system-out>
    <system-err><![CDATA[SLF4J(W): No SLF4J providers were found.
SLF4J(W): Defaulting to no-operation (NOP) logger implementation
SLF4J(W): See https://www.slf4j.org/codes.html#noProviders for further details.
Aug 30, 2025 4:40:57 AM org.openqa.selenium.devtools.CdpVersionFinder findNearestMatch
WARNING: Unable to find CDP implementation matching 139
Aug 30, 2025 4:40:57 AM org.openqa.selenium.chromium.ChromiumDriver lambda$new$5
WARNING: Unable to find version of CDP to use for 139.0.7258.138. You may need to include a dependency on a specific version of the CDP using something similar to `org.seleniumhq.selenium:selenium-devtools-v86:4.25.0` where the version ("v86") matches the version of the chromium-based browser you're using and the version number of the artifact is the same as Selenium's.
]]></system-err>
  </testcase>
  <testcase name="User can remove items from cart #2" classname="Swag Labs Cart Test Flow" time="27.435">
    <system-out><![CDATA[
@swag_labs @cart_operations
Scenario Outline: User can remove items from cart                         # src/test/resources/features/swag_labs_cart.feature:23
Starting test: User can remove items from cart
Browser: headless-chrome
  Given I am on the Swag Labs login page                                  # steps.LoginSteps.i_am_on_the_swag_labs_login_page()
  Given I login with username "standard_user" and password "secret_sauce" # steps.LoginSteps.i_login_as_given_step(java.lang.String,java.lang.String)
  And I am on the products page                                           # steps.ProductSteps.i_am_on_the_products_page()
  When I add "Sauce Labs Bike Light" to cart                              # steps.ProductSteps.i_add_product_to_cart(java.lang.String)
  And I click on the shopping cart                                        # steps.CartSteps.i_click_on_the_shopping_cart()
  Then I should see "Sauce Labs Bike Light" in the cart                   # steps.CartSteps.i_should_see_item_in_the_cart(java.lang.String)
  When I remove "Sauce Labs Bike Light" from cart                         # steps.CartSteps.i_remove_item_from_cart(java.lang.String)
  Then the cart should be empty                                           # steps.CartSteps.the_cart_should_be_empty()
  And the cart badge should not be visible                                # steps.ProductSteps.the_cart_badge_should_not_be_visible()
Test completed: User can remove items from cart
Status: PASSED
]]></system-out>
    <system-err><![CDATA[Aug 30, 2025 4:41:25 AM org.openqa.selenium.devtools.CdpVersionFinder findNearestMatch
WARNING: Unable to find CDP implementation matching 139
Aug 30, 2025 4:41:25 AM org.openqa.selenium.chromium.ChromiumDriver lambda$new$5
WARNING: Unable to find version of CDP to use for 139.0.7258.138. You may need to include a dependency on a specific version of the CDP using something similar to `org.seleniumhq.selenium:selenium-devtools-v86:4.25.0` where the version ("v86") matches the version of the chromium-based browser you're using and the version number of the artifact is the same as Selenium's.
]]></system-err>
  </testcase>
  <testcase name="User cannot login with invalid credentials" classname="Swag Labs Invalid Login Flow" time="13.59">
    <failure message="Should be redirected to products page after login" type="java.lang.AssertionError"><![CDATA[java.lang.AssertionError: Should be redirected to products page after login
	at org.junit.Assert.fail(Assert.java:89)
	at org.junit.Assert.assertTrue(Assert.java:42)
	at steps.LoginSteps.i_login_as_given_step(LoginSteps.java:29)
	at ✽.I login with username "invalid_user" and password "wrong_password"(file:///Behaviour-Driven-UI-Test/src/test/resources/features/swag_labs_invalidLogin.feature:13)
]]></failure>
    <system-out><![CDATA[
@swag_labs @negative @login @negative_login
Scenario Outline: User cannot login with invalid credentials                                                     # src/test/resources/features/swag_labs_invalidLogin.feature:19
Starting test: User cannot login with invalid credentials
Browser: headless-chrome
  Given I am on the Swag Labs login page                                                                         # steps.LoginSteps.i_am_on_the_swag_labs_login_page()
  When I login with username "invalid_user" and password "wrong_password"                                        # steps.LoginSteps.i_login_as_given_step(java.lang.String,java.lang.String)
      java.lang.AssertionError: Should be redirected to products page after login
	at org.junit.Assert.fail(Assert.java:89)
	at org.junit.Assert.assertTrue(Assert.java:42)
	at steps.LoginSteps.i_login_as_given_step(LoginSteps.java:29)
	at ✽.I login with username "invalid_user" and password "wrong_password"(file:///Behaviour-Driven-UI-Test/src/test/resources/features/swag_labs_invalidLogin.feature:13)

  Then I should see an error message "Epic sadface: Username and password do not match any user in this service" # steps.LoginSteps.i_should_see_an_error_message(java.lang.String)
  And I should remain on the login page                                                                          # steps.LoginSteps.i_should_remain_on_the_login_page()

    Embedding Screenshot [image/png 38939 bytes]

Test completed: User cannot login with invalid credentials
Status: FAILED
]]></system-out>
    <system-err><![CDATA[Aug 30, 2025 4:41:52 AM org.openqa.selenium.devtools.CdpVersionFinder findNearestMatch
WARNING: Unable to find CDP implementation matching 139
Aug 30, 2025 4:41:52 AM org.openqa.selenium.chromium.ChromiumDriver lambda$new$5
WARNING: Unable to find version of CDP to use for 139.0.7258.138. You may need to include a dependency on a specific version of the CDP using something similar to `org.seleniumhq.selenium:selenium-devtools-v86:4.25.0` where the version ("v86") matches the version of the chromium-based browser you're using and the version number of the artifact is the same as Selenium's.
]]></system-err>
  </testcase>
  <testcase name="User can login with valid credentials #1" classname="Swag Labs Valid Login" time="4.462">
    <system-out><![CDATA[
@swag_labs @smoke @login
Scenario Outline: User can login with valid credentials                  # src/test/resources/features/swag_labs_login.feature:16
Starting test: User can login with valid credentials
Browser: headless-chrome
  Given I am on the Swag Labs login page                                 # steps.LoginSteps.i_am_on_the_swag_labs_login_page()
  When I login with username "standard_user" and password "secret_sauce" # steps.LoginSteps.i_login_as_given_step(java.lang.String,java.lang.String)
  Then I should be redirected to the products page                       # steps.LoginSteps.i_should_be_redirected_to_the_products_page()
  And I should see the products page header "Products"                   # steps.LoginSteps.i_should_see_the_products_page_header(java.lang.String)
Test completed: User can login with valid credentials
Status: PASSED
]]></system-out>
    <system-err><![CDATA[Aug 30, 2025 4:42:06 AM org.openqa.selenium.devtools.CdpVersionFinder findNearestMatch
WARNING: Unable to find CDP implementation matching 139
Aug 30, 2025 4:42:06 AM org.openqa.selenium.chromium.ChromiumDriver lambda$new$5
WARNING: Unable to find version of CDP to use for 139.0.7258.138. You may need to include a dependency on a specific version of the CDP using something similar to `org.seleniumhq.selenium:selenium-devtools-v86:4.25.0` where the version ("v86") matches the version of the chromium-based browser you're using and the version number of the artifact is the same as Selenium's.
]]></system-err>
  </testcase>
  <testcase name="User can login with valid credentials #2" classname="Swag Labs Valid Login" time="4.522">
    <system-out><![CDATA[
@swag_labs @smoke @login
Scenario Outline: User can login with valid credentials                # src/test/resources/features/swag_labs_login.feature:17
Starting test: User can login with valid credentials
Browser: headless-chrome
  Given I am on the Swag Labs login page                               # steps.LoginSteps.i_am_on_the_swag_labs_login_page()
  When I login with username "visual_user" and password "secret_sauce" # steps.LoginSteps.i_login_as_given_step(java.lang.String,java.lang.String)
  Then I should be redirected to the products page                     # steps.LoginSteps.i_should_be_redirected_to_the_products_page()
  And I should see the products page header "Products"                 # steps.LoginSteps.i_should_see_the_products_page_header(java.lang.String)
Test completed: User can login with valid credentials
Status: PASSED
]]></system-out>
    <system-err><![CDATA[Aug 30, 2025 4:42:10 AM org.openqa.selenium.devtools.CdpVersionFinder findNearestMatch
WARNING: Unable to find CDP implementation matching 139
Aug 30, 2025 4:42:10 AM org.openqa.selenium.chromium.ChromiumDriver lambda$new$5
WARNING: Unable to find version of CDP to use for 139.0.7258.138. You may need to include a dependency on a specific version of the CDP using something similar to `org.seleniumhq.selenium:selenium-devtools-v86:4.25.0` where the version ("v86") matches the version of the chromium-based browser you're using and the version number of the artifact is the same as Selenium's.
]]></system-err>
  </testcase>
  <testcase name="User can view product details #1" classname="Swag Labs Product Test Flow" time="5.107">
    <system-out><![CDATA[
@swag_labs @product_details
Scenario Outline: User can view product details                           # src/test/resources/features/swag_labs_product.feature:21
Starting test: User can view product details
Browser: headless-chrome
  Given I am on the Swag Labs login page                                  # steps.LoginSteps.i_am_on_the_swag_labs_login_page()
  Given I login with username "standard_user" and password "secret_sauce" # steps.LoginSteps.i_login_as_given_step(java.lang.String,java.lang.String)
  And I am on the products page                                           # steps.ProductSteps.i_am_on_the_products_page()
  When I click on product "Sauce Labs Backpack"                           # steps.ProductSteps.i_click_on_product(java.lang.String)
  Then I should see the product details page                              # steps.ProductSteps.i_should_see_the_product_details_page()
  And I should see the product name "Sauce Labs Backpack"                 # steps.ProductSteps.i_should_see_the_product_name(java.lang.String)
  And I should see the product price "$29.99"                             # steps.ProductSteps.i_should_see_the_product_price(java.lang.String)
  When I add the product to cart from details page                        # steps.ProductSteps.i_add_the_product_to_cart_from_details_page()
  Then the cart badge should show "1" items                               # steps.ProductSteps.the_cart_badge_should_show_items(java.lang.String)
Test completed: User can view product details
Status: PASSED
]]></system-out>
    <system-err><![CDATA[Aug 30, 2025 4:42:15 AM org.openqa.selenium.devtools.CdpVersionFinder findNearestMatch
WARNING: Unable to find CDP implementation matching 139
Aug 30, 2025 4:42:15 AM org.openqa.selenium.chromium.ChromiumDriver lambda$new$5
WARNING: Unable to find version of CDP to use for 139.0.7258.138. You may need to include a dependency on a specific version of the CDP using something similar to `org.seleniumhq.selenium:selenium-devtools-v86:4.25.0` where the version ("v86") matches the version of the chromium-based browser you're using and the version number of the artifact is the same as Selenium's.
]]></system-err>
  </testcase>
  <testcase name="User can view product details #2" classname="Swag Labs Product Test Flow" time="8.476">
    <system-out><![CDATA[
@swag_labs @product_details
Scenario Outline: User can view product details                           # src/test/resources/features/swag_labs_product.feature:22
Starting test: User can view product details
Browser: headless-chrome
  Given I am on the Swag Labs login page                                  # steps.LoginSteps.i_am_on_the_swag_labs_login_page()
  Given I login with username "standard_user" and password "secret_sauce" # steps.LoginSteps.i_login_as_given_step(java.lang.String,java.lang.String)
  And I am on the products page                                           # steps.ProductSteps.i_am_on_the_products_page()
  When I click on product "Sauce Labs Bike Light"                         # steps.ProductSteps.i_click_on_product(java.lang.String)
  Then I should see the product details page                              # steps.ProductSteps.i_should_see_the_product_details_page()
  And I should see the product name "Sauce Labs Bike Light"               # steps.ProductSteps.i_should_see_the_product_name(java.lang.String)
  And I should see the product price "$9.99"                              # steps.ProductSteps.i_should_see_the_product_price(java.lang.String)
  When I add the product to cart from details page                        # steps.ProductSteps.i_add_the_product_to_cart_from_details_page()
  Then the cart badge should show "1" items                               # steps.ProductSteps.the_cart_badge_should_show_items(java.lang.String)
Test completed: User can view product details
Status: PASSED
]]></system-out>
    <system-err><![CDATA[Aug 30, 2025 4:42:23 AM org.openqa.selenium.devtools.CdpVersionFinder findNearestMatch
WARNING: Unable to find CDP implementation matching 139
Aug 30, 2025 4:42:23 AM org.openqa.selenium.chromium.ChromiumDriver lambda$new$5
WARNING: Unable to find version of CDP to use for 139.0.7258.138. You may need to include a dependency on a specific version of the CDP using something similar to `org.seleniumhq.selenium:selenium-devtools-v86:4.25.0` where the version ("v86") matches the version of the chromium-based browser you're using and the version number of the artifact is the same as Selenium's.
]]></system-err>
  </testcase>
  <testcase name="User can login with valid credentials" classname="Swag Labs End To End Test Flow" time="4.829">
    <system-out><![CDATA[
@swag_labs @e2e_flow @smoke @login
Scenario Outline: User can login with valid credentials                  # src/test/resources/features/swag_labs_shopping.feature:18
Starting test: User can login with valid credentials
Browser: headless-chrome
  Given I am on the Swag Labs login page                                 # steps.LoginSteps.i_am_on_the_swag_labs_login_page()
  When I login with username "standard_user" and password "secret_sauce" # steps.LoginSteps.i_login_as_given_step(java.lang.String,java.lang.String)
  Then I should be redirected to the products page                       # steps.LoginSteps.i_should_be_redirected_to_the_products_page()
  And I should see the products page header "Products"                   # steps.LoginSteps.i_should_see_the_products_page_header(java.lang.String)
Test completed: User can login with valid credentials
Status: PASSED
]]></system-out>
    <system-err><![CDATA[Aug 30, 2025 4:42:29 AM org.openqa.selenium.devtools.CdpVersionFinder findNearestMatch
WARNING: Unable to find CDP implementation matching 139
Aug 30, 2025 4:42:29 AM org.openqa.selenium.chromium.ChromiumDriver lambda$new$5
WARNING: Unable to find version of CDP to use for 139.0.7258.138. You may need to include a dependency on a specific version of the CDP using something similar to `org.seleniumhq.selenium:selenium-devtools-v86:4.25.0` where the version ("v86") matches the version of the chromium-based browser you're using and the version number of the artifact is the same as Selenium's.
]]></system-err>
  </testcase>
  <testcase name="Complete shopping flow - Add item to cart and checkout" classname="Swag Labs End To End Test Flow" time="5.656">
    <failure message="Cart page should be displayed" type="java.lang.AssertionError"><![CDATA[java.lang.AssertionError: Cart page should be displayed
	at org.junit.Assert.fail(Assert.java:89)
	at org.junit.Assert.assertTrue(Assert.java:42)
	at steps.CartSteps.i_should_see_item_in_the_cart(CartSteps.java:159)
	at ✽.I should see "Sauce Labs Backpack" in the cart(file:///Behaviour-Driven-UI-Test/src/test/resources/features/swag_labs_shopping.feature:28)
]]></failure>
    <system-out><![CDATA[
@swag_labs @e2e_flow @critical @shopping_flow
Scenario Outline: Complete shopping flow - Add item to cart and checkout  # src/test/resources/features/swag_labs_shopping.feature:44
Starting test: Complete shopping flow - Add item to cart and checkout
Browser: headless-chrome
  Given I am on the Swag Labs login page                                  # steps.LoginSteps.i_am_on_the_swag_labs_login_page()
  Given I login with username "standard_user" and password "secret_sauce" # steps.LoginSteps.i_login_as_given_step(java.lang.String,java.lang.String)
  And I am on the products page                                           # steps.ProductSteps.i_am_on_the_products_page()
  When I add "Sauce Labs Backpack" to cart                                # steps.ProductSteps.i_add_product_to_cart(java.lang.String)
  And I add "Sauce Labs Bike Light" to cart                               # steps.ProductSteps.i_add_product_to_cart(java.lang.String)
  Then the cart badge should show "2" items                               # steps.ProductSteps.the_cart_badge_should_show_items(java.lang.String)
  When I click on the shopping cart                                       # steps.CartSteps.i_click_on_the_shopping_cart()
  Then I should see "Sauce Labs Backpack" in the cart                     # steps.CartSteps.i_should_see_item_in_the_cart(java.lang.String)
      java.lang.AssertionError: Cart page should be displayed
	at org.junit.Assert.fail(Assert.java:89)
	at org.junit.Assert.assertTrue(Assert.java:42)
	at steps.CartSteps.i_should_see_item_in_the_cart(CartSteps.java:159)
	at ✽.I should see "Sauce Labs Backpack" in the cart(file:///Behaviour-Driven-UI-Test/src/test/resources/features/swag_labs_shopping.feature:28)

  And I should see "Sauce Labs Bike Light" in the cart                    # steps.CartSteps.i_should_see_item_in_the_cart(java.lang.String)
  When I proceed to checkout                                              # steps.CartSteps.i_proceed_to_checkout()
  And I fill in checkout information with valid dta:
    | firstName | lastName | postalCode |
    | Emmanuel  | Arhu     | 0242       |
  And I continue to checkout overview                                     # steps.CheckoutSteps.i_continue_to_checkout_overview()
  Then I should see the checkout overview page                            # steps.CheckoutSteps.i_should_see_the_checkout_overview_page()
  And I should see "Sauce Labs Backpack" in the order summary             # steps.CheckoutSteps.i_should_see_item_in_the_order_summary(java.lang.String)
  And I should see "Sauce Labs Bike Light" in the order summary           # steps.CheckoutSteps.i_should_see_item_in_the_order_summary(java.lang.String)
  When I finish the order                                                 # steps.CheckoutSteps.i_finish_the_order()
  Then I should see the order confirmation page                           # steps.CheckoutSteps.i_should_see_the_order_confirmation_page()
  And I should see "Thank you for your order!" message                    # steps.CheckoutSteps.i_should_see_message(java.lang.String)

    Embedding Screenshot [image/png 295218 bytes]

Test completed: Complete shopping flow - Add item to cart and checkout
Status: FAILED
]]></system-out>
    <system-err><![CDATA[Aug 30, 2025 4:42:33 AM org.openqa.selenium.devtools.CdpVersionFinder findNearestMatch
WARNING: Unable to find CDP implementation matching 139
Aug 30, 2025 4:42:33 AM org.openqa.selenium.chromium.ChromiumDriver lambda$new$5
WARNING: Unable to find version of CDP to use for 139.0.7258.138. You may need to include a dependency on a specific version of the CDP using something similar to `org.seleniumhq.selenium:selenium-devtools-v86:4.25.0` where the version ("v86") matches the version of the chromium-based browser you're using and the version number of the artifact is the same as Selenium's.
]]></system-err>
  </testcase>
  <testcase name="User cannot login with invalid credentials" classname="Swag Labs End To End Test Flow" time="15.957">
    <failure message="Should be redirected to products page after login" type="java.lang.AssertionError"><![CDATA[java.lang.AssertionError: Should be redirected to products page after login
	at org.junit.Assert.fail(Assert.java:89)
	at org.junit.Assert.assertTrue(Assert.java:42)
	at steps.LoginSteps.i_login_as_given_step(LoginSteps.java:29)
	at ✽.I login with username "invalid_user" and password "wrong_password"(file:///Behaviour-Driven-UI-Test/src/test/resources/features/swag_labs_shopping.feature:48)
]]></failure>
    <system-out><![CDATA[
@swag_labs @e2e_flow @negative @login
Scenario Outline: User cannot login with invalid credentials                                                     # src/test/resources/features/swag_labs_shopping.feature:54
Starting test: User cannot login with invalid credentials
Browser: headless-chrome
  Given I am on the Swag Labs login page                                                                         # steps.LoginSteps.i_am_on_the_swag_labs_login_page()
  When I login with username "invalid_user" and password "wrong_password"                                        # steps.LoginSteps.i_login_as_given_step(java.lang.String,java.lang.String)
      java.lang.AssertionError: Should be redirected to products page after login
	at org.junit.Assert.fail(Assert.java:89)
	at org.junit.Assert.assertTrue(Assert.java:42)
	at steps.LoginSteps.i_login_as_given_step(LoginSteps.java:29)
	at ✽.I login with username "invalid_user" and password "wrong_password"(file:///Behaviour-Driven-UI-Test/src/test/resources/features/swag_labs_shopping.feature:48)

  Then I should see an error message "Epic sadface: Username and password do not match any user in this service" # steps.LoginSteps.i_should_see_an_error_message(java.lang.String)
  And I should remain on the login page                                                                          # steps.LoginSteps.i_should_remain_on_the_login_page()

    Embedding Screenshot [image/png 38939 bytes]

Test completed: User cannot login with invalid credentials
Status: FAILED
]]></system-out>
    <system-err><![CDATA[Aug 30, 2025 4:42:39 AM org.openqa.selenium.devtools.CdpVersionFinder findNearestMatch
WARNING: Unable to find CDP implementation matching 139
Aug 30, 2025 4:42:39 AM org.openqa.selenium.chromium.ChromiumDriver lambda$new$5
WARNING: Unable to find version of CDP to use for 139.0.7258.138. You may need to include a dependency on a specific version of the CDP using something similar to `org.seleniumhq.selenium:selenium-devtools-v86:4.25.0` where the version ("v86") matches the version of the chromium-based browser you're using and the version number of the artifact is the same as Selenium's.
]]></system-err>
  </testcase>
  <testcase name="User can remove items from cart" classname="Swag Labs End To End Test Flow" time="7.813">
    <failure message="Cart should be empty" type="java.lang.AssertionError"><![CDATA[java.lang.AssertionError: Cart should be empty
	at org.junit.Assert.fail(Assert.java:89)
	at org.junit.Assert.assertTrue(Assert.java:42)
	at steps.CartSteps.the_cart_should_be_empty(CartSteps.java:59)
	at ✽.the cart should be empty(file:///Behaviour-Driven-UI-Test/src/test/resources/features/swag_labs_shopping.feature:64)
]]></failure>
    <system-out><![CDATA[
@swag_labs @e2e_flow @cart_operations
Scenario Outline: User can remove items from cart                         # src/test/resources/features/swag_labs_shopping.feature:69
Starting test: User can remove items from cart
Browser: headless-chrome
  Given I am on the Swag Labs login page                                  # steps.LoginSteps.i_am_on_the_swag_labs_login_page()
  Given I login with username "standard_user" and password "secret_sauce" # steps.LoginSteps.i_login_as_given_step(java.lang.String,java.lang.String)
  And I am on the products page                                           # steps.ProductSteps.i_am_on_the_products_page()
  When I add "Sauce Labs Backpack" to cart                                # steps.ProductSteps.i_add_product_to_cart(java.lang.String)
  And I click on the shopping cart                                        # steps.CartSteps.i_click_on_the_shopping_cart()
  Then I should see "Sauce Labs Backpack" in the cart                     # steps.CartSteps.i_should_see_item_in_the_cart(java.lang.String)
  When I remove "Sauce Labs Backpack" from cart                           # steps.CartSteps.i_remove_item_from_cart(java.lang.String)
  Then the cart should be empty                                           # steps.CartSteps.the_cart_should_be_empty()
      java.lang.AssertionError: Cart should be empty
	at org.junit.Assert.fail(Assert.java:89)
	at org.junit.Assert.assertTrue(Assert.java:42)
	at steps.CartSteps.the_cart_should_be_empty(CartSteps.java:59)
	at ✽.the cart should be empty(file:///Behaviour-Driven-UI-Test/src/test/resources/features/swag_labs_shopping.feature:64)

  And the cart badge should not be visible                                # steps.ProductSteps.the_cart_badge_should_not_be_visible()

    Embedding Screenshot [image/png 43745 bytes]

Test completed: User can remove items from cart
Status: FAILED
]]></system-out>
    <system-err><![CDATA[Aug 30, 2025 4:42:57 AM org.openqa.selenium.devtools.CdpVersionFinder findNearestMatch
WARNING: Unable to find CDP implementation matching 139
Aug 30, 2025 4:42:57 AM org.openqa.selenium.chromium.ChromiumDriver lambda$new$5
WARNING: Unable to find version of CDP to use for 139.0.7258.138. You may need to include a dependency on a specific version of the CDP using something similar to `org.seleniumhq.selenium:selenium-devtools-v86:4.25.0` where the version ("v86") matches the version of the chromium-based browser you're using and the version number of the artifact is the same as Selenium's.
]]></system-err>
  </testcase>
  <testcase name="User can view product details" classname="Swag Labs End To End Test Flow" time="15.616">
    <failure message="Cart badge should show correct count expected:&lt;[1]&gt; but was:&lt;[0]&gt;" type="org.junit.ComparisonFailure"><![CDATA[org.junit.ComparisonFailure: Cart badge should show correct count expected:<[1]> but was:<[0]>
	at org.junit.Assert.assertEquals(Assert.java:117)
	at steps.ProductSteps.the_cart_badge_should_show_items(ProductSteps.java:41)
	at ✽.the cart badge should show "1" items(file:///Behaviour-Driven-UI-Test/src/test/resources/features/swag_labs_shopping.feature:80)
]]></failure>
    <system-out><![CDATA[
@swag_labs @e2e_flow @product_details
Scenario Outline: User can view product details                           # src/test/resources/features/swag_labs_shopping.feature:84
Starting test: User can view product details
Browser: headless-chrome
  Given I am on the Swag Labs login page                                  # steps.LoginSteps.i_am_on_the_swag_labs_login_page()
  Given I login with username "standard_user" and password "secret_sauce" # steps.LoginSteps.i_login_as_given_step(java.lang.String,java.lang.String)
  And I am on the products page                                           # steps.ProductSteps.i_am_on_the_products_page()
  When I click on product "Sauce Labs Backpack"                           # steps.ProductSteps.i_click_on_product(java.lang.String)
  Then I should see the product details page                              # steps.ProductSteps.i_should_see_the_product_details_page()
  And I should see the product name "Sauce Labs Backpack"                 # steps.ProductSteps.i_should_see_the_product_name(java.lang.String)
  And I should see the product price "$29.99"                             # steps.ProductSteps.i_should_see_the_product_price(java.lang.String)
  When I add the product to cart from details page                        # steps.ProductSteps.i_add_the_product_to_cart_from_details_page()
  Then the cart badge should show "1" items                               # steps.ProductSteps.the_cart_badge_should_show_items(java.lang.String)
      org.junit.ComparisonFailure: Cart badge should show correct count expected:<[1]> but was:<[0]>
	at org.junit.Assert.assertEquals(Assert.java:117)
	at steps.ProductSteps.the_cart_badge_should_show_items(ProductSteps.java:41)
	at ✽.the cart badge should show "1" items(file:///Behaviour-Driven-UI-Test/src/test/resources/features/swag_labs_shopping.feature:80)


    Embedding Screenshot [image/png 297300 bytes]

Test completed: User can view product details
Status: FAILED
]]></system-out>
    <system-err><![CDATA[Aug 30, 2025 4:43:03 AM org.openqa.selenium.devtools.CdpVersionFinder findNearestMatch
WARNING: Unable to find CDP implementation matching 139
Aug 30, 2025 4:43:03 AM org.openqa.selenium.chromium.ChromiumDriver lambda$new$5
WARNING: Unable to find version of CDP to use for 139.0.7258.138. You may need to include a dependency on a specific version of the CDP using something similar to `org.seleniumhq.selenium:selenium-devtools-v86:4.25.0` where the version ("v86") matches the version of the chromium-based browser you're using and the version number of the artifact is the same as Selenium's.
]]></system-err>
  </testcase>
</testsuite>